{"message":"Pulled analyzed STOCK data from December 19th 2020 11:24:32 am","level":"info"}
{"message":"Notifying of 3 trenders and 3 losers.","level":"info"}
{"level":"info","message":"Error in the tg notifier!  Unexpected token u in JSON at position 1","stack":"SyntaxError: Unexpected token u in JSON at position 1\n    at JSON.parse (<anonymous>)\n    at main (/Users/jlynch/Git-Projects/Triple-Trenders/notifier/index.js:287:12)\n    at processTicksAndRejections (internal/process/task_queues.js:97:5)"}
{"message":"Pulled analyzed STOCK data from December 19th 2020 11:24:32 am","level":"info"}
{"message":"Notifying of 3 trenders and 3 losers.","level":"info"}
{"message":"sendgrid recipients: []","level":"info"}
{"message":"PROD is (false) - NOT sending to real recipients...","level":"info"}
{"to":"mrdotjim@gmail.com","from":"jim.lynch@evaluates2.com","html":"[hidden]","subject":"Triple Trenders Report! 25 - December 19th 2020","asm":{"group_id":14385},"isMultiple":false,"substitutionWrappers":["{{","}}"],"level":"info","message":"Mail has been sent to mrdotjim@gmail.com!"}
{"message":"Pulled analyzed STOCK data from December 19th 2020 11:24:32 am","level":"info"}
{"message":"Notifying of 3 trenders and 3 losers.","level":"info"}
{"message":"sendgrid recipients: []","level":"info"}
{"message":"PROD is (false) - NOT sending to real recipients...","level":"info"}
{"to":"mrdotjim@gmail.com","from":"jim.lynch@evaluates2.com","html":"[hidden]","subject":"Triple Trenders Report! 25 - December 19th 2020","asm":{"group_id":14385},"isMultiple":false,"substitutionWrappers":["{{","}}"],"level":"info","message":"Mail has been sent to mrdotjim@gmail.com!"}
{"message":"Pulled analyzed STOCK data from December 19th 2020 11:24:32 am","level":"info"}
{"message":"Notifying of 3 trenders and 3 losers.","level":"info"}
{"message":"sendgrid recipients: []","level":"info"}
{"message":"PROD is (false) - NOT sending to real recipients...","level":"info"}
{"to":"mrdotjim@gmail.com","from":"jim.lynch@evaluates2.com","html":"[hidden]","subject":"Triple Trenders Report! 25 - December 19th 2020","asm":{"group_id":14385},"isMultiple":false,"substitutionWrappers":["{{","}}"],"level":"info","message":"Mail has been sent to mrdotjim@gmail.com!"}
{"message":"Pulled analyzed STOCK data from December 19th 2020 11:24:32 am","level":"info"}
{"message":"Notifying of 3 trenders and 3 losers.","level":"info"}
{"level":"info","message":"All message sending has been disabled by the env variable, DISABLE_ALL_MESSAGE_SENDING: "}
{"message":"Pulled analyzed STOCK data from December 19th 2020 11:24:32 am","level":"info"}
{"message":"Notifying of 3 trenders and 3 losers.","level":"info"}
{"level":"info","message":"All message sending has been disabled by the env variable, DISABLE_ALL_MESSAGE_SENDING: "}
{"message":"Pulled analyzed STOCK data from December 19th 2020 11:24:32 am","level":"info"}
{"message":"Notifying of 3 trenders and 3 losers.","level":"info"}
{"level":"info","message":"All message sending has been disabled by the env variable, DISABLE_ALL_MESSAGE_SENDING: "}
{"message":"Pulled analyzed STOCK data from December 19th 2020 11:24:32 am","level":"info"}
{"message":"Notifying of 3 trenders and 3 losers.","level":"info"}
{"level":"info","message":"All message sending has been disabled by the env variable, DISABLE_ALL_MESSAGE_SENDING: "}
{"message":"Pulled analyzed STOCK data from December 19th 2020 11:24:32 am","level":"info"}
{"message":"Notifying of 3 trenders and 3 losers.","level":"info"}
{"level":"info","message":"All message sending has been disabled by the env variable, DISABLE_ALL_MESSAGE_SENDING: "}
{"message":"Pulled analyzed STOCK data from December 19th 2020 11:24:32 am","level":"info"}
{"message":"Notifying of 3 trenders and 3 losers.","level":"info"}
{"level":"info","message":"All message sending has been disabled by the env variable, DISABLE_ALL_MESSAGE_SENDING: "}
{"message":"Pulled analyzed STOCK data from December 19th 2020 11:24:32 am","level":"info"}
{"message":"Pulled analyzed STOCK data from December 19th 2020 11:24:32 am","level":"info"}
{"message":"Pulled analyzed STOCK data from December 19th 2020 11:24:32 am","level":"info"}
{"message":"Pulled analyzed STOCK data from December 19th 2020 11:24:32 am","level":"info"}
{"message":"Pulled analyzed STOCK data from December 19th 2020 11:24:32 am","level":"info"}
{"message":"Pulled analyzed STOCK data from December 19th 2020 11:24:32 am","level":"info"}
{"message":"Pulled analyzed STOCK data from December 19th 2020 11:24:32 am","level":"info"}
{"message":"Notifying of 3 trenders and 3 losers.","level":"info"}
{"message":"sendgrid recipients: []","level":"info"}
{"message":"Pulled analyzed STOCK data from December 19th 2020 11:24:32 am","level":"info"}
{"message":"Notifying of 3 trenders and 3 losers.","level":"info"}
{"message":"sendgrid recipients: []","level":"info"}
{"message":"Pulled analyzed STOCK data from December 19th 2020 11:24:32 am","level":"info"}
{"message":"Notifying of 3 trenders and 3 losers.","level":"info"}
{"message":"sendgrid recipients: []","level":"info"}
{"message":"Pulled analyzed STOCK data from December 19th 2020 11:24:32 am","level":"info"}
{"message":"Notifying of 3 trenders and 3 losers.","level":"info"}
{"message":"sendgrid recipients: []","level":"info"}
{"message":"Pulled analyzed STOCK data from December 19th 2020 11:24:32 am","level":"info"}
{"message":"Notifying of 3 trenders and 3 losers.","level":"info"}
{"message":"sendgrid recipients: []","level":"info"}
{"message":"Pulled analyzed STOCK data from December 19th 2020 11:24:32 am","level":"info"}
{"message":"Notifying of 3 trenders and 3 losers.","level":"info"}
{"message":"sendgrid recipients: []","level":"info"}
{"message":"SEND_TO_ONLY_ADMIN is true - NOT sending to real recipients... only: mrdotjim@gmail.com","level":"info"}
{"to":"mrdotjim@gmail.com","from":"jim.lynch@evaluates2.com","html":"[hidden]","subject":"Triple Trenders Report! 27 - December 19th 2020","asm":{"group_id":14385},"isMultiple":false,"substitutionWrappers":["{{","}}"],"level":"info","message":"Mail has been sent to mrdotjim@gmail.com!"}
{"message":"Pulled analyzed STOCK data from December 19th 2020 11:24:32 am","level":"info"}
{"message":"Notifying of 3 trenders and 3 losers.","level":"info"}
{"message":"sendgrid recipients: []","level":"info"}
{"message":"SEND_TO_ONLY_ADMIN is true - NOT sending to real recipients... only: mrdotjim@gmail.com","level":"info"}
{"to":"mrdotjim@gmail.com","from":"jim.lynch@evaluates2.com","html":"[hidden]","subject":"Triple Trenders Report! 27 - December 19th 2020","asm":{"group_id":14385},"isMultiple":false,"substitutionWrappers":["{{","}}"],"level":"info","message":"Mail has been sent to mrdotjim@gmail.com!"}
{"message":"Pulled analyzed STOCK data from December 19th 2020 11:24:32 am","level":"info"}
{"message":"Notifying of 3 trenders and 3 losers.","level":"info"}
{"message":"sendgrid recipients: []","level":"info"}
{"message":"SEND_TO_ONLY_ADMIN is true - NOT sending to real recipients... only: mrdotjim@gmail.com","level":"info"}
{"to":"mrdotjim@gmail.com","from":"jim.lynch@evaluates2.com","html":"[hidden]","subject":"Triple Trenders Report! 27 - December 19th 2020","asm":{"group_id":14385},"isMultiple":false,"substitutionWrappers":["{{","}}"],"level":"info","message":"Mail has been sent to mrdotjim@gmail.com!"}
{"message":"Pulled analyzed STOCK data from December 19th 2020 11:24:32 am","level":"info"}
{"message":"Notifying of 3 trenders and 3 losers.","level":"info"}
{"message":"sendgrid recipients: []","level":"info"}
{"message":"SEND_TO_ONLY_ADMIN is false -  sending to real recipients... : mrdotjim@gmail.com","level":"info"}
{"message":"Pulled analyzed STOCK data from December 19th 2020 11:24:32 am","level":"info"}
{"message":"Notifying of 3 trenders and 3 losers.","level":"info"}
{"message":"sendgrid recipients: [{\"address_line_1\":\"\",\"address_line_2\":\"\",\"alternate_emails\":null,\"city\":\"\",\"country\":\"\",\"email\":\"help@katefromhr.com\",\"first_name\":\"Kate\",\"id\":\"d55e6908-fb0c-4d93-a0ba-8008fddcd950\",\"last_name\":\"From HR\",\"list_ids\":[\"47c85db9-15e1-4152-866e-32850b4be722\"],\"postal_code\":\"\",\"state_province_region\":\"\",\"phone_number\":\"\",\"whatsapp\":\"\",\"line\":\"\",\"facebook\":\"\",\"unique_name\":\"\",\"_metadata\":{\"self\":\"https://api.sendgrid.com/v3/marketing/contact/d55e6908-fb0c-4d93-a0ba-8008fddcd950\"},\"custom_fields\":{},\"created_at\":\"2020-06-14T16:29:06Z\",\"updated_at\":\"2020-06-14T16:29:07.28375342Z\"},{\"address_line_1\":\"\",\"address_line_2\":\"\",\"alternate_emails\":null,\"city\":\"\",\"country\":\"\",\"email\":\"jim@wisdomofjim.com\",\"first_name\":\"Jim\",\"id\":\"42820d7b-5a4d-439f-8bbf-322315ea8ad7\",\"last_name\":\"\",\"list_ids\":[\"47c85db9-15e1-4152-866e-32850b4be722\"],\"postal_code\":\"\",\"state_province_region\":\"\",\"phone_number\":\"\",\"whatsapp\":\"\",\"line\":\"\",\"facebook\":\"\",\"unique_name\":\"\",\"_metadata\":{\"self\":\"https://api.sendgrid.com/v3/marketing/contact/42820d7b-5a4d-439f-8bbf-322315ea8ad7\"},\"custom_fields\":{},\"created_at\":\"2020-06-14T16:08:05Z\",\"updated_at\":\"2020-12-21T00:37:43.539973456Z\"}]","level":"info"}
{"message":"SEND_TO_ONLY_ADMIN is false - sending to real recipients... : mrdotjim@gmail.com","level":"info"}
{"to":{"address_line_1":"","address_line_2":"","alternate_emails":null,"city":"","country":"","email":"help@katefromhr.com","first_name":"Kate","id":"d55e6908-fb0c-4d93-a0ba-8008fddcd950","last_name":"From HR","list_ids":["47c85db9-15e1-4152-866e-32850b4be722"],"postal_code":"","state_province_region":"","phone_number":"","whatsapp":"","line":"","facebook":"","unique_name":"","_metadata":{"self":"https://api.sendgrid.com/v3/marketing/contact/d55e6908-fb0c-4d93-a0ba-8008fddcd950"},"custom_fields":{},"created_at":"2020-06-14T16:29:06Z","updated_at":"2020-06-14T16:29:07.28375342Z"},"from":"jim.lynch@evaluates2.com","html":"[hidden]","subject":"Triple Trenders Report! 27 - December 19th 2020","asm":{"group_id":14385},"isMultiple":false,"substitutionWrappers":["{{","}}"],"level":"info","message":"Mail has been sent to [object Object]!"}
{"to":{"address_line_1":"","address_line_2":"","alternate_emails":null,"city":"","country":"","email":"jim@wisdomofjim.com","first_name":"Jim","id":"42820d7b-5a4d-439f-8bbf-322315ea8ad7","last_name":"","list_ids":["47c85db9-15e1-4152-866e-32850b4be722"],"postal_code":"","state_province_region":"","phone_number":"","whatsapp":"","line":"","facebook":"","unique_name":"","_metadata":{"self":"https://api.sendgrid.com/v3/marketing/contact/42820d7b-5a4d-439f-8bbf-322315ea8ad7"},"custom_fields":{},"created_at":"2020-06-14T16:08:05Z","updated_at":"2020-12-21T00:37:43.539973456Z"},"from":"jim.lynch@evaluates2.com","html":"[hidden]","subject":"Triple Trenders Report! 27 - December 19th 2020","asm":{"group_id":14385},"isMultiple":false,"substitutionWrappers":["{{","}}"],"level":"info","message":"Mail has been sent to [object Object]!"}
{"message":"Pulled analyzed STOCK data from December 19th 2020 11:24:32 am","level":"info"}
{"message":"Notifying of 3 trenders and 3 losers.","level":"info"}
{"message":"sendgrid recipients: []","level":"info"}
{"message":"SEND_TO_ONLY_ADMIN is false - sending to real recipients... : mrdotjim@gmail.com","level":"info"}
{"message":"Pulled analyzed STOCK data from December 19th 2020 11:24:32 am","level":"info"}
{"message":"Notifying of 3 trenders and 3 losers.","level":"info"}
{"message":"sendgrid recipients: [\"help@katefromhr.com\",\"jim@wisdomofjim.com\"]","level":"info"}
{"message":"SEND_TO_ONLY_ADMIN is false - sending to real recipients... : mrdotjim@gmail.com","level":"info"}
{"to":"help@katefromhr.com","from":"jim.lynch@evaluates2.com","html":"[hidden]","subject":"Triple Trenders Report! 28 - December 19th 2020","asm":{"group_id":14385},"isMultiple":false,"substitutionWrappers":["{{","}}"],"level":"info","message":"Mail has been sent to help@katefromhr.com!"}
{"to":"jim@wisdomofjim.com","from":"jim.lynch@evaluates2.com","html":"[hidden]","subject":"Triple Trenders Report! 28 - December 19th 2020","asm":{"group_id":14385},"isMultiple":false,"substitutionWrappers":["{{","}}"],"level":"info","message":"Mail has been sent to jim@wisdomofjim.com!"}
{"message":"Pulled analyzed STOCK data from December 19th 2020 11:24:32 am","level":"info"}
{"message":"Notifying of 3 trenders and 3 losers.","level":"info"}
{"message":"sendgrid recipients: [\"help@katefromhr.com\",\"jim@wisdomofjim.com\"]","level":"info"}
{"message":"SEND_TO_ONLY_ADMIN is false - sending to real recipients... : mrdotjim@gmail.com","level":"info"}
{"message":"Mail has been sent to help@katefromhr.com!","level":"info"}
{"message":"Mail has been sent to jim@wisdomofjim.com!","level":"info"}
