{"message":"Pulled analyzed STOCK data from December 15th 2020 9:41:57 am","level":"info"}
{"message":"Notifying of 2 trenders and 3 losers.","level":"info"}
{"message":"sendgrid recipients: []","level":"info"}
{"message":"PROD is (false) - NOT sending to real recipients...","level":"info"}
{"to":"mrdotjim@gmail.com","from":"jim.lynch@evaluates2.com","html":"[hidden]","subject":"Triple Trenders Report! 22 - December 15th 2020","asm":{"group_id":14385},"isMultiple":false,"substitutionWrappers":["{{","}}"],"level":"info","message":"Mail has been sent to mrdotjim@gmail.com!"}
{"message":"Pulled analyzed STOCK data from December 15th 2020 9:41:57 am","level":"info"}
{"message":"Notifying of 2 trenders and 3 losers.","level":"info"}
{"message":"sendgrid recipients: []","level":"info"}
{"message":"PROD is (false) - NOT sending to real recipients...","level":"info"}
{"to":"mrdotjim@gmail.com","from":"jim.lynch@evaluates2.com","html":"[hidden]","subject":"Triple Trenders Report! 23 - December 15th 2020","asm":{"group_id":14385},"isMultiple":false,"substitutionWrappers":["{{","}}"],"level":"info","message":"Mail has been sent to mrdotjim@gmail.com!"}
{"message":"Pulled analyzed STOCK data from December 15th 2020 9:41:57 am","level":"info"}
{"message":"Notifying of 2 trenders and 3 losers.","level":"info"}
{"message":"sendgrid recipients: []","level":"info"}
{"message":"PROD is (false) - NOT sending to real recipients...","level":"info"}
{"to":"mrdotjim@gmail.com","from":"jim.lynch@evaluates2.com","html":"[hidden]","subject":"Triple Trenders Report! 23 - December 15th 2020","asm":{"group_id":14385},"isMultiple":false,"substitutionWrappers":["{{","}}"],"level":"info","message":"Mail has been sent to mrdotjim@gmail.com!"}
{"message":"Pulled analyzed STOCK data from December 15th 2020 9:41:57 am","level":"info"}
{"message":"Notifying of 2 trenders and 3 losers.","level":"info"}
{"message":"sendgrid recipients: []","level":"info"}
{"message":"PROD is (false) - NOT sending to real recipients...","level":"info"}
{"to":"mrdotjim@gmail.com","from":"jim.lynch@evaluates2.com","html":"[hidden]","subject":"Triple Trenders Report! 24 - December 15th 2020","asm":{"group_id":14385},"isMultiple":false,"substitutionWrappers":["{{","}}"],"level":"info","message":"Mail has been sent to mrdotjim@gmail.com!"}
{"message":"Pulled analyzed STOCK data from December 15th 2020 9:41:57 am","level":"info"}
{"message":"Notifying of 2 trenders and 3 losers.","level":"info"}
{"message":"sendgrid recipients: []","level":"info"}
{"message":"PROD is (false) - NOT sending to real recipients...","level":"info"}
{"to":"mrdotjim@gmail.com","from":"jim.lynch@evaluates2.com","html":"[hidden]","subject":"Triple Trenders Report! 25 - December 15th 2020","asm":{"group_id":14385},"isMultiple":false,"substitutionWrappers":["{{","}}"],"level":"info","message":"Mail has been sent to mrdotjim@gmail.com!"}
