{"message":"Pulled analyzed STOCK data from undefined undefined","level":"info"}
{"level":"info","message":"Error in the tg notifier!  buildTtRowFromMongoData is not defined","stack":"ReferenceError: buildTtRowFromMongoData is not defined\n    at main (/Users/jlynch/Git-Projects/Triple-Trenders/notifier/index.js:40:37)\n    at processTicksAndRejections (internal/process/task_queues.js:97:5)"}
{"message":"Pulled analyzed STOCK data from undefined undefined","level":"info"}
{"level":"info","message":"Error in the tg notifier!  buildTtRowFromMongoData is not defined","stack":"ReferenceError: buildTtRowFromMongoData is not defined\n    at main (/Users/jlynch/Git-Projects/Triple-Trenders/notifier/index.js:43:37)\n    at processTicksAndRejections (internal/process/task_queues.js:97:5)"}
{"message":"Pulled analyzed STOCK data from December 15th 2020 9:41:57 am","level":"info"}
{"level":"info","message":"Error in the tg notifier!  Cannot read property 'trenders' of undefined","stack":"TypeError: Cannot read property 'trenders' of undefined\n    at main (/Users/jlynch/Git-Projects/Triple-Trenders/notifier/index.js:50:67)\n    at processTicksAndRejections (internal/process/task_queues.js:97:5)"}
{"message":"Pulled analyzed STOCK data from December 15th 2020 9:41:57 am","level":"info"}
{"message":"Notifying of 2 trenders and 3 losers.","level":"info"}
{"level":"info","message":"Error in the tg notifier!  getEmailHeader is not a function","stack":"TypeError: getEmailHeader is not a function\n    at main (/Users/jlynch/Git-Projects/Triple-Trenders/notifier/index.js:271:25)\n    at processTicksAndRejections (internal/process/task_queues.js:97:5)"}
{"message":"Pulled analyzed STOCK data from December 15th 2020 9:41:57 am","level":"info"}
{"message":"Notifying of 2 trenders and 3 losers.","level":"info"}
{"level":"info","message":"Error in the tg notifier!  getTrendingUpwardsSection is not defined","stack":"ReferenceError: getTrendingUpwardsSection is not defined\n    at main (/Users/jlynch/Git-Projects/Triple-Trenders/notifier/index.js:271:25)\n    at processTicksAndRejections (internal/process/task_queues.js:97:5)"}
{"message":"Pulled analyzed STOCK data from December 15th 2020 9:41:57 am","level":"info"}
{"message":"Notifying of 2 trenders and 3 losers.","level":"info"}
{"level":"info","message":"Error in the tg notifier!  tableHeaders is not defined","stack":"ReferenceError: tableHeaders is not defined\n    at getTrendingDownwardsSection (/Users/jlynch/Git-Projects/Triple-Trenders/notifier/utils/html-builder.js:78:87)\n    at main (/Users/jlynch/Git-Projects/Triple-Trenders/notifier/index.js:277:5)\n    at processTicksAndRejections (internal/process/task_queues.js:97:5)"}
{"message":"Pulled analyzed STOCK data from December 15th 2020 9:41:57 am","level":"info"}
{"message":"Notifying of 2 trenders and 3 losers.","level":"info"}
{"level":"info","message":"All message sending has been disabled by the env variable, DISABLE_ALL_MESSAGE_SENDING: "}
{"message":"Pulled analyzed STOCK data from December 15th 2020 9:41:57 am","level":"info"}
{"message":"Notifying of 2 trenders and 3 losers.","level":"info"}
{"message":"sendgrid recipients: []","level":"info"}
{"message":"PROD is (false) - NOT sending to real recipients...","level":"info"}
{"to":"mrdotjim@gmail.com","from":"jim.lynch@evaluates2.com","html":"[hidden]","subject":"Triple Trenders Report! - undefined","asm":{"group_id":14385},"isMultiple":false,"substitutionWrappers":["{{","}}"],"level":"info","message":"Mail has been sent to mrdotjim@gmail.com!"}
{"message":"Pulled analyzed STOCK data from December 15th 2020 9:41:57 am","level":"info"}
{"message":"Notifying of 2 trenders and 3 losers.","level":"info"}
{"message":"sendgrid recipients: []","level":"info"}
{"message":"PROD is (false) - NOT sending to real recipients...","level":"info"}
{"to":"mrdotjim@gmail.com","from":"jim.lynch@evaluates2.com","html":"[hidden]","subject":"Triple Trenders Report! 2 - December 15th 2020","asm":{"group_id":14385},"isMultiple":false,"substitutionWrappers":["{{","}}"],"level":"info","message":"Mail has been sent to mrdotjim@gmail.com!"}
{"message":"Pulled analyzed STOCK data from December 15th 2020 9:41:57 am","level":"info"}
{"message":"Notifying of 2 trenders and 3 losers.","level":"info"}
{"level":"info","message":"Error in the tg notifier!  \"<p><strong><PE Ratio</strong> - asdas somethdding somedfdfsthing...</p>\" is not a function","stack":"TypeError: \"<p><strong><PE Ratio</strong> - asdas somethdding somedfdfsthing...</p>\" is not a function\n    at getDefinitionsSection (/Users/jlynch/Git-Projects/Triple-Trenders/notifier/utils/html-builder.js:104:5)\n    at main (/Users/jlynch/Git-Projects/Triple-Trenders/notifier/index.js:278:5)\n    at processTicksAndRejections (internal/process/task_queues.js:97:5)"}
{"message":"Pulled analyzed STOCK data from December 15th 2020 9:41:57 am","level":"info"}
{"message":"Notifying of 2 trenders and 3 losers.","level":"info"}
{"message":"sendgrid recipients: []","level":"info"}
{"message":"PROD is (false) - NOT sending to real recipients...","level":"info"}
{"to":"mrdotjim@gmail.com","from":"jim.lynch@evaluates2.com","html":"[hidden]","subject":"Triple Trenders Report! 3 - December 15th 2020","asm":{"group_id":14385},"isMultiple":false,"substitutionWrappers":["{{","}}"],"level":"info","message":"Mail has been sent to mrdotjim@gmail.com!"}
{"message":"Pulled analyzed STOCK data from December 15th 2020 9:41:57 am","level":"info"}
{"message":"Notifying of 2 trenders and 3 losers.","level":"info"}
{"message":"sendgrid recipients: []","level":"info"}
{"message":"PROD is (false) - NOT sending to real recipients...","level":"info"}
{"to":"mrdotjim@gmail.com","from":"jim.lynch@evaluates2.com","html":"[hidden]","subject":"Triple Trenders Report! 3 - December 15th 2020","asm":{"group_id":14385},"isMultiple":false,"substitutionWrappers":["{{","}}"],"level":"info","message":"Mail has been sent to mrdotjim@gmail.com!"}
{"message":"Pulled analyzed STOCK data from December 15th 2020 9:41:57 am","level":"info"}
{"message":"Notifying of 2 trenders and 3 losers.","level":"info"}
{"message":"sendgrid recipients: []","level":"info"}
{"message":"PROD is (false) - NOT sending to real recipients...","level":"info"}
{"to":"mrdotjim@gmail.com","from":"jim.lynch@evaluates2.com","html":"[hidden]","subject":"Triple Trenders Report! 3 - December 15th 2020","asm":{"group_id":14385},"isMultiple":false,"substitutionWrappers":["{{","}}"],"level":"info","message":"Mail has been sent to mrdotjim@gmail.com!"}
{"message":"Pulled analyzed STOCK data from December 15th 2020 9:41:57 am","level":"info"}
{"message":"Notifying of 2 trenders and 3 losers.","level":"info"}
{"message":"sendgrid recipients: []","level":"info"}
{"message":"PROD is (false) - NOT sending to real recipients...","level":"info"}
{"to":"mrdotjim@gmail.com","from":"jim.lynch@evaluates2.com","html":"[hidden]","subject":"Triple Trenders Report! 4 - December 15th 2020","asm":{"group_id":14385},"isMultiple":false,"substitutionWrappers":["{{","}}"],"level":"info","message":"Mail has been sent to mrdotjim@gmail.com!"}
{"message":"Pulled analyzed STOCK data from December 15th 2020 9:41:57 am","level":"info"}
{"message":"Notifying of 2 trenders and 3 losers.","level":"info"}
{"message":"sendgrid recipients: []","level":"info"}
{"message":"PROD is (false) - NOT sending to real recipients...","level":"info"}
{"to":"mrdotjim@gmail.com","from":"jim.lynch@evaluates2.com","html":"[hidden]","subject":"Triple Trenders Report! 5 - December 15th 2020","asm":{"group_id":14385},"isMultiple":false,"substitutionWrappers":["{{","}}"],"level":"info","message":"Mail has been sent to mrdotjim@gmail.com!"}
{"message":"Pulled analyzed STOCK data from December 15th 2020 9:41:57 am","level":"info"}
{"message":"Notifying of 2 trenders and 3 losers.","level":"info"}
{"message":"sendgrid recipients: []","level":"info"}
{"message":"PROD is (false) - NOT sending to real recipients...","level":"info"}
{"to":"mrdotjim@gmail.com","from":"jim.lynch@evaluates2.com","html":"[hidden]","subject":"Triple Trenders Report! 6 - December 15th 2020","asm":{"group_id":14385},"isMultiple":false,"substitutionWrappers":["{{","}}"],"level":"info","message":"Mail has been sent to mrdotjim@gmail.com!"}
{"message":"Pulled analyzed STOCK data from December 15th 2020 9:41:57 am","level":"info"}
{"message":"Notifying of 2 trenders and 3 losers.","level":"info"}
{"message":"sendgrid recipients: []","level":"info"}
{"message":"PROD is (false) - NOT sending to real recipients...","level":"info"}
{"to":"mrdotjim@gmail.com","from":"jim.lynch@evaluates2.com","html":"[hidden]","subject":"Triple Trenders Report! 6 - December 15th 2020","asm":{"group_id":14385},"isMultiple":false,"substitutionWrappers":["{{","}}"],"level":"info","message":"Mail has been sent to mrdotjim@gmail.com!"}
{"message":"Pulled analyzed STOCK data from December 15th 2020 9:41:57 am","level":"info"}
{"message":"Notifying of 2 trenders and 3 losers.","level":"info"}
{"message":"sendgrid recipients: []","level":"info"}
{"message":"PROD is (false) - NOT sending to real recipients...","level":"info"}
{"to":"mrdotjim@gmail.com","from":"jim.lynch@evaluates2.com","html":"[hidden]","subject":"Triple Trenders Report! 7 - December 15th 2020","asm":{"group_id":14385},"isMultiple":false,"substitutionWrappers":["{{","}}"],"level":"info","message":"Mail has been sent to mrdotjim@gmail.com!"}
{"message":"Pulled analyzed STOCK data from December 15th 2020 9:41:57 am","level":"info"}
{"message":"Notifying of 2 trenders and 3 losers.","level":"info"}
{"message":"sendgrid recipients: []","level":"info"}
{"message":"PROD is (false) - NOT sending to real recipients...","level":"info"}
{"to":"mrdotjim@gmail.com","from":"jim.lynch@evaluates2.com","html":"[hidden]","subject":"Triple Trenders Report! 9 - December 15th 2020","asm":{"group_id":14385},"isMultiple":false,"substitutionWrappers":["{{","}}"],"level":"info","message":"Mail has been sent to mrdotjim@gmail.com!"}
{"message":"Pulled analyzed STOCK data from December 15th 2020 9:41:57 am","level":"info"}
{"message":"Notifying of 2 trenders and 3 losers.","level":"info"}
{"message":"sendgrid recipients: []","level":"info"}
{"message":"PROD is (false) - NOT sending to real recipients...","level":"info"}
{"to":"mrdotjim@gmail.com","from":"jim.lynch@evaluates2.com","html":"[hidden]","subject":"Triple Trenders Report! 9 - December 15th 2020","asm":{"group_id":14385},"isMultiple":false,"substitutionWrappers":["{{","}}"],"level":"info","message":"Mail has been sent to mrdotjim@gmail.com!"}
{"message":"Pulled analyzed STOCK data from December 15th 2020 9:41:57 am","level":"info"}
{"message":"Notifying of 2 trenders and 3 losers.","level":"info"}
{"message":"sendgrid recipients: []","level":"info"}
{"message":"PROD is (false) - NOT sending to real recipients...","level":"info"}
{"to":"mrdotjim@gmail.com","from":"jim.lynch@evaluates2.com","html":"[hidden]","subject":"Triple Trenders Report! 9 - December 15th 2020","asm":{"group_id":14385},"isMultiple":false,"substitutionWrappers":["{{","}}"],"level":"info","message":"Mail has been sent to mrdotjim@gmail.com!"}
{"message":"Pulled analyzed STOCK data from December 15th 2020 9:41:57 am","level":"info"}
{"message":"Notifying of 2 trenders and 3 losers.","level":"info"}
{"message":"sendgrid recipients: []","level":"info"}
{"message":"PROD is (false) - NOT sending to real recipients...","level":"info"}
{"to":"mrdotjim@gmail.com","from":"jim.lynch@evaluates2.com","html":"[hidden]","subject":"Triple Trenders Report! 10 - December 15th 2020","asm":{"group_id":14385},"isMultiple":false,"substitutionWrappers":["{{","}}"],"level":"info","message":"Mail has been sent to mrdotjim@gmail.com!"}
{"message":"Pulled analyzed STOCK data from December 15th 2020 9:41:57 am","level":"info"}
{"message":"Notifying of 2 trenders and 3 losers.","level":"info"}
{"message":"sendgrid recipients: []","level":"info"}
{"message":"PROD is (false) - NOT sending to real recipients...","level":"info"}
{"to":"mrdotjim@gmail.com","from":"jim.lynch@evaluates2.com","html":"[hidden]","subject":"Triple Trenders Report! 10 - December 15th 2020","asm":{"group_id":14385},"isMultiple":false,"substitutionWrappers":["{{","}}"],"level":"info","message":"Mail has been sent to mrdotjim@gmail.com!"}
{"message":"Pulled analyzed STOCK data from December 15th 2020 9:41:57 am","level":"info"}
{"message":"Notifying of 2 trenders and 3 losers.","level":"info"}
{"message":"sendgrid recipients: []","level":"info"}
{"message":"PROD is (false) - NOT sending to real recipients...","level":"info"}
{"to":"mrdotjim@gmail.com","from":"jim.lynch@evaluates2.com","html":"[hidden]","subject":"Triple Trenders Report! 11 - December 15th 2020","asm":{"group_id":14385},"isMultiple":false,"substitutionWrappers":["{{","}}"],"level":"info","message":"Mail has been sent to mrdotjim@gmail.com!"}
{"message":"Pulled analyzed STOCK data from December 15th 2020 9:41:57 am","level":"info"}
{"message":"Notifying of 2 trenders and 3 losers.","level":"info"}
{"message":"sendgrid recipients: []","level":"info"}
{"message":"PROD is (false) - NOT sending to real recipients...","level":"info"}
{"to":"mrdotjim@gmail.com","from":"jim.lynch@evaluates2.com","html":"[hidden]","subject":"Triple Trenders Report! 12 - December 15th 2020","asm":{"group_id":14385},"isMultiple":false,"substitutionWrappers":["{{","}}"],"level":"info","message":"Mail has been sent to mrdotjim@gmail.com!"}
{"message":"Pulled analyzed STOCK data from December 15th 2020 9:41:57 am","level":"info"}
{"message":"Notifying of 2 trenders and 3 losers.","level":"info"}
{"message":"sendgrid recipients: []","level":"info"}
{"message":"PROD is (false) - NOT sending to real recipients...","level":"info"}
{"to":"mrdotjim@gmail.com","from":"jim.lynch@evaluates2.com","html":"[hidden]","subject":"Triple Trenders Report! 13 - December 15th 2020","asm":{"group_id":14385},"isMultiple":false,"substitutionWrappers":["{{","}}"],"level":"info","message":"Mail has been sent to mrdotjim@gmail.com!"}
{"message":"Pulled analyzed STOCK data from December 15th 2020 9:41:57 am","level":"info"}
{"message":"Notifying of 2 trenders and 3 losers.","level":"info"}
{"message":"sendgrid recipients: []","level":"info"}
{"message":"PROD is (false) - NOT sending to real recipients...","level":"info"}
{"to":"mrdotjim@gmail.com","from":"jim.lynch@evaluates2.com","html":"[hidden]","subject":"Triple Trenders Report! 13 - December 15th 2020","asm":{"group_id":14385},"isMultiple":false,"substitutionWrappers":["{{","}}"],"level":"info","message":"Mail has been sent to mrdotjim@gmail.com!"}
{"message":"Pulled analyzed STOCK data from December 15th 2020 9:41:57 am","level":"info"}
{"message":"Notifying of 2 trenders and 3 losers.","level":"info"}
{"message":"sendgrid recipients: []","level":"info"}
{"message":"PROD is (false) - NOT sending to real recipients...","level":"info"}
{"to":"mrdotjim@gmail.com","from":"jim.lynch@evaluates2.com","html":"[hidden]","subject":"Triple Trenders Report! 14 - December 15th 2020","asm":{"group_id":14385},"isMultiple":false,"substitutionWrappers":["{{","}}"],"level":"info","message":"Mail has been sent to mrdotjim@gmail.com!"}
{"message":"Pulled analyzed STOCK data from December 15th 2020 9:41:57 am","level":"info"}
{"message":"Notifying of 2 trenders and 3 losers.","level":"info"}
{"message":"sendgrid recipients: []","level":"info"}
{"message":"PROD is (false) - NOT sending to real recipients...","level":"info"}
{"to":"mrdotjim@gmail.com","from":"jim.lynch@evaluates2.com","html":"[hidden]","subject":"Triple Trenders Report! 16 - December 15th 2020","asm":{"group_id":14385},"isMultiple":false,"substitutionWrappers":["{{","}}"],"level":"info","message":"Mail has been sent to mrdotjim@gmail.com!"}
{"message":"Pulled analyzed STOCK data from December 15th 2020 9:41:57 am","level":"info"}
{"message":"Notifying of 2 trenders and 3 losers.","level":"info"}
{"message":"sendgrid recipients: []","level":"info"}
{"message":"PROD is (false) - NOT sending to real recipients...","level":"info"}
{"to":"mrdotjim@gmail.com","from":"jim.lynch@evaluates2.com","html":"[hidden]","subject":"Triple Trenders Report! 16 - December 15th 2020","asm":{"group_id":14385},"isMultiple":false,"substitutionWrappers":["{{","}}"],"level":"info","message":"Mail has been sent to mrdotjim@gmail.com!"}
{"message":"Pulled analyzed STOCK data from December 15th 2020 9:41:57 am","level":"info"}
{"message":"Notifying of 2 trenders and 3 losers.","level":"info"}
{"message":"sendgrid recipients: []","level":"info"}
{"message":"PROD is (false) - NOT sending to real recipients...","level":"info"}
{"to":"mrdotjim@gmail.com","from":"jim.lynch@evaluates2.com","html":"[hidden]","subject":"Triple Trenders Report! 17 - December 15th 2020","asm":{"group_id":14385},"isMultiple":false,"substitutionWrappers":["{{","}}"],"level":"info","message":"Mail has been sent to mrdotjim@gmail.com!"}
{"message":"Pulled analyzed STOCK data from December 15th 2020 9:41:57 am","level":"info"}
{"message":"Notifying of 2 trenders and 3 losers.","level":"info"}
{"message":"sendgrid recipients: []","level":"info"}
{"message":"PROD is (false) - NOT sending to real recipients...","level":"info"}
{"to":"mrdotjim@gmail.com","from":"jim.lynch@evaluates2.com","html":"[hidden]","subject":"Triple Trenders Report! 18 - December 15th 2020","asm":{"group_id":14385},"isMultiple":false,"substitutionWrappers":["{{","}}"],"level":"info","message":"Mail has been sent to mrdotjim@gmail.com!"}
{"message":"Pulled analyzed STOCK data from December 15th 2020 9:41:57 am","level":"info"}
{"message":"Notifying of 2 trenders and 3 losers.","level":"info"}
{"message":"sendgrid recipients: []","level":"info"}
{"message":"PROD is (false) - NOT sending to real recipients...","level":"info"}
{"to":"mrdotjim@gmail.com","from":"jim.lynch@evaluates2.com","html":"[hidden]","subject":"Triple Trenders Report! 18 - December 15th 2020","asm":{"group_id":14385},"isMultiple":false,"substitutionWrappers":["{{","}}"],"level":"info","message":"Mail has been sent to mrdotjim@gmail.com!"}
{"message":"Pulled analyzed STOCK data from December 15th 2020 9:41:57 am","level":"info"}
{"message":"Notifying of 2 trenders and 3 losers.","level":"info"}
{"message":"sendgrid recipients: []","level":"info"}
{"message":"PROD is (false) - NOT sending to real recipients...","level":"info"}
{"to":"mrdotjim@gmail.com","from":"jim.lynch@evaluates2.com","html":"[hidden]","subject":"Triple Trenders Report! 19 - December 15th 2020","asm":{"group_id":14385},"isMultiple":false,"substitutionWrappers":["{{","}}"],"level":"info","message":"Mail has been sent to mrdotjim@gmail.com!"}
{"message":"Pulled analyzed STOCK data from December 15th 2020 9:41:57 am","level":"info"}
{"message":"Notifying of 2 trenders and 3 losers.","level":"info"}
{"message":"sendgrid recipients: []","level":"info"}
{"message":"PROD is (false) - NOT sending to real recipients...","level":"info"}
{"to":"mrdotjim@gmail.com","from":"jim.lynch@evaluates2.com","html":"[hidden]","subject":"Triple Trenders Report! 21 - December 15th 2020","asm":{"group_id":14385},"isMultiple":false,"substitutionWrappers":["{{","}}"],"level":"info","message":"Mail has been sent to mrdotjim@gmail.com!"}
