{"message":"Pulled analyzed STOCK data from December 23rd 2020 10:26:24 pm","level":"info"}
{"message":"Notifying of 570 trenders and 486 losers.","level":"info"}
{"message":"sendgrid recipients: [\"mrdotjim@gmail.com\"]","level":"info"}
{"message":"SEND_TO_ONLY_ADMIN is true - NOT sending to real recipients... only: mrdotjim@gmail.com","level":"info"}
{"message":"Mail has been sent to mrdotjim@gmail.com!","level":"info"}
{"message":"Pulled analyzed STOCK data from December 23rd 2020 10:26:24 pm","level":"info"}
{"message":"Notifying of 570 trenders and 486 losers.","level":"info"}
{"message":"sendgrid recipients: [\"mrdotjim@gmail.com\"]","level":"info"}
{"message":"SEND_TO_ONLY_ADMIN is true - NOT sending to real recipients... only: mrdotjim@gmail.com","level":"info"}
{"message":"Mail has been sent to mrdotjim@gmail.com!","level":"info"}
{"message":"Pulled analyzed STOCK data from December 23rd 2020 10:26:24 pm","level":"info"}
{"message":"Notifying of 570 trenders and 486 losers.","level":"info"}
{"message":"sendgrid recipients: [\"mrdotjim@gmail.com\"]","level":"info"}
{"message":"SEND_TO_ONLY_ADMIN is true - NOT sending to real recipients... only: mrdotjim@gmail.com","level":"info"}
{"message":"Mail has been sent to mrdotjim@gmail.com!","level":"info"}
{"message":"Pulled analyzed STOCK data from December 23rd 2020 10:26:24 pm","level":"info"}
{"message":"Notifying of 570 trenders and 486 losers.","level":"info"}
{"message":"sendgrid recipients: [\"mrdotjim@gmail.com\"]","level":"info"}
{"message":"SEND_TO_ONLY_ADMIN is true - NOT sending to real recipients... only: mrdotjim@gmail.com","level":"info"}
{"message":"Mail has been sent to mrdotjim@gmail.com!","level":"info"}
{"message":"Pulled analyzed STOCK data from December 23rd 2020 10:26:24 pm","level":"info"}
{"message":"Notifying of 570 trenders and 486 losers.","level":"info"}
{"message":"sendgrid recipients: [\"mrdotjim@gmail.com\"]","level":"info"}
{"message":"SEND_TO_ONLY_ADMIN is true - NOT sending to real recipients... only: mrdotjim@gmail.com","level":"info"}
{"message":"Mail has been sent to mrdotjim@gmail.com!","level":"info"}
{"message":"Pulled analyzed STOCK data from December 23rd 2020 10:26:24 pm","level":"info"}
{"message":"Notifying of 570 trenders and 486 losers.","level":"info"}
{"message":"sendgrid recipients: [\"mrdotjim@gmail.com\"]","level":"info"}
{"message":"SEND_TO_ONLY_ADMIN is true - NOT sending to real recipients... only: mrdotjim@gmail.com","level":"info"}
{"message":"Mail has been sent to mrdotjim@gmail.com!","level":"info"}
{"message":"Pulled analyzed STOCK data from December 23rd 2020 10:26:24 pm","level":"info"}
{"message":"Notifying of 570 trenders and 486 losers.","level":"info"}
{"message":"sendgrid recipients: [\"mrdotjim@gmail.com\"]","level":"info"}
{"message":"SEND_TO_ONLY_ADMIN is true - NOT sending to real recipients... only: mrdotjim@gmail.com","level":"info"}
{"message":"Mail has been sent to mrdotjim@gmail.com!","level":"info"}
{"message":"Pulled analyzed STOCK data from December 23rd 2020 10:26:24 pm","level":"info"}
{"message":"Notifying of 570 trenders and 486 losers.","level":"info"}
{"message":"sendgrid recipients: [\"mrdotjim@gmail.com\"]","level":"info"}
{"message":"SEND_TO_ONLY_ADMIN is true - NOT sending to real recipients... only: mrdotjim@gmail.com","level":"info"}
{"message":"Mail has been sent to mrdotjim@gmail.com!","level":"info"}
{"message":"Pulled analyzed STOCK data from December 23rd 2020 10:26:24 pm","level":"info"}
{"message":"Notifying of 570 trenders and 486 losers.","level":"info"}
{"message":"sendgrid recipients: [\"mrdotjim@gmail.com\"]","level":"info"}
{"message":"SEND_TO_ONLY_ADMIN is true - NOT sending to real recipients... only: mrdotjim@gmail.com","level":"info"}
{"message":"Mail has been sent to mrdotjim@gmail.com!","level":"info"}
{"message":"Pulled analyzed STOCK data from December 23rd 2020 10:26:24 pm","level":"info"}
{"message":"Notifying of 570 trenders and 486 losers.","level":"info"}
{"message":"sendgrid recipients: [\"mrdotjim@gmail.com\"]","level":"info"}
{"message":"SEND_TO_ONLY_ADMIN is true - NOT sending to real recipients... only: mrdotjim@gmail.com","level":"info"}
{"message":"Mail has been sent to mrdotjim@gmail.com!","level":"info"}
{"message":"Pulled analyzed STOCK data from December 23rd 2020 10:26:24 pm","level":"info"}
{"message":"Notifying of 570 trenders and 486 losers.","level":"info"}
{"message":"sendgrid recipients: [\"mrdotjim@gmail.com\"]","level":"info"}
{"message":"SEND_TO_ONLY_ADMIN is true - NOT sending to real recipients... only: mrdotjim@gmail.com","level":"info"}
{"message":"Mail has been sent to mrdotjim@gmail.com!","level":"info"}
{"message":"Pulled analyzed STOCK data from December 23rd 2020 10:26:24 pm","level":"info"}
{"message":"Notifying of 570 trenders and 486 losers.","level":"info"}
{"message":"sendgrid recipients: [\"mrdotjim@gmail.com\"]","level":"info"}
{"message":"SEND_TO_ONLY_ADMIN is true - NOT sending to real recipients... only: mrdotjim@gmail.com","level":"info"}
{"message":"Mail has been sent to mrdotjim@gmail.com!","level":"info"}
{"message":"Pulled analyzed STOCK data from December 23rd 2020 10:26:24 pm","level":"info"}
{"message":"Notifying of 570 trenders and 486 losers.","level":"info"}
{"message":"sendgrid recipients: [\"mrdotjim@gmail.com\"]","level":"info"}
{"message":"SEND_TO_ONLY_ADMIN is true - NOT sending to real recipients... only: mrdotjim@gmail.com","level":"info"}
{"message":"Mail has been sent to mrdotjim@gmail.com!","level":"info"}
{"message":"Mail has been sent to jim.lynch@aon.com!","level":"info"}
{"message":"Pulled analyzed STOCK data from December 23rd 2020 10:26:24 pm","level":"info"}
{"message":"Notifying of 570 trenders and 486 losers.","level":"info"}
{"message":"sendgrid recipients: [\"mrdotjim@gmail.com\"]","level":"info"}
{"message":"SEND_TO_ONLY_ADMIN is true - NOT sending to real recipients... only: mrdotjim@gmail.com","level":"info"}
{"message":"Mail has been sent to help@katefromhr.com!","level":"info"}
{"message":"Mail has been sent to lynchjames1987@gmail.com!","level":"info"}
{"message":"Pulled analyzed STOCK data from December 23rd 2020 10:26:24 pm","level":"info"}
{"message":"Notifying of 570 trenders and 486 losers.","level":"info"}
{"message":"sendgrid recipients: [\"mrdotjim@gmail.com\"]","level":"info"}
{"message":"SEND_TO_ONLY_ADMIN is true - NOT sending to real recipients... only: mrdotjim@gmail.com","level":"info"}
{"message":"Mail has been sent to lynchjames1987@gmail.com!","level":"info"}
{"message":"Pulled analyzed STOCK data from December 23rd 2020 10:26:24 pm","level":"info"}
{"message":"Notifying of 570 trenders and 486 losers.","level":"info"}
{"message":"sendgrid recipients: [\"mrdotjim@gmail.com\"]","level":"info"}
{"message":"SEND_TO_ONLY_ADMIN is true - NOT sending to real recipients... only: mrdotjim@gmail.com","level":"info"}
{"message":"Mail has been sent to lynchjames1987@gmail.com!","level":"info"}
{"message":"Pulled analyzed STOCK data from December 23rd 2020 10:26:24 pm","level":"info"}
{"message":"Notifying of 570 trenders and 486 losers.","level":"info"}
{"message":"sendgrid recipients: [\"mrdotjim@gmail.com\"]","level":"info"}
{"message":"SEND_TO_ONLY_ADMIN is true - NOT sending to real recipients... only: mrdotjim@gmail.com","level":"info"}
{"message":"Mail has been sent to lynchjames1987@gmail.com!","level":"info"}
{"message":"Pulled analyzed STOCK data from December 23rd 2020 10:26:24 pm","level":"info"}
{"message":"Notifying of 570 trenders and 486 losers.","level":"info"}
{"message":"sendgrid recipients: [\"mrdotjim@gmail.com\"]","level":"info"}
{"message":"SEND_TO_ONLY_ADMIN is true - NOT sending to real recipients... only: mrdotjim@gmail.com","level":"info"}
{"message":"Mail has been sent to lynchjames1987@gmail.com!","level":"info"}
{"message":"Pulled analyzed STOCK data from December 23rd 2020 10:26:24 pm","level":"info"}
{"message":"Notifying of 570 trenders and 486 losers.","level":"info"}
{"message":"sendgrid recipients: [\"mrdotjim@gmail.com\"]","level":"info"}
{"message":"SEND_TO_ONLY_ADMIN is true - NOT sending to real recipients... only: mrdotjim@gmail.com","level":"info"}
{"message":"Mail has been sent to lynchjames1987@gmail.com!","level":"info"}
{"message":"Mail has been sent to codytaylor20@gmail.com !","level":"info"}
{"message":"Mail has been sent to Julioanibaldelacruz@gmail.com!","level":"info"}
{"message":"Mail has been sent to hadxian@gmail.com!","level":"info"}
{"message":"Mail has been sent to mgabor2091@gmail.com!","level":"info"}
{"message":"Mail has been sent to jneikrie@gmail.com!","level":"info"}
{"message":"Mail has been sent to wangeci.ngari@gmail.com!","level":"info"}
{"message":"Mail has been sent to moe07728@gmail.com!","level":"info"}
{"message":"Mail has been sent to aamadabro@gmail.com!","level":"info"}
{"message":"Mail has been sent to booder009@gmail.com!","level":"info"}
{"message":"Mail has been sent to faranchaudhry@gmail.com!","level":"info"}
{"message":"Mail has been sent to gilberts55@hotmail.com!","level":"info"}
{"message":"Mail has been sent to j.abro187@gmail.com!","level":"info"}
{"message":"Mail has been sent to kthai@pm.me!","level":"info"}
{"message":"Mail has been sent to oonlineoonly2@gmail.com!","level":"info"}
{"message":"Mail has been sent to randyblocks@gmail.com!","level":"info"}
{"message":"Pulled analyzed STOCK data from December 23rd 2020 10:26:24 pm","level":"info"}
{"message":"Notifying of 570 trenders and 486 losers.","level":"info"}
{"message":"sendgrid recipients: [\"mrdotjim@gmail.com\"]","level":"info"}
{"message":"SEND_TO_ONLY_ADMIN is true - NOT sending to real recipients... only: mrdotjim@gmail.com","level":"info"}
{"message":"Mail has been sent to mrdotjim@gmail.com!","level":"info"}
{"message":"Pulled analyzed STOCK data from December 23rd 2020 10:26:24 pm","level":"info"}
{"message":"Notifying of 570 trenders and 486 losers.","level":"info"}
{"message":"sendgrid recipients: [\"mrdotjim@gmail.com\"]","level":"info"}
{"message":"SEND_TO_ONLY_ADMIN is true - NOT sending to real recipients... only: mrdotjim@gmail.com","level":"info"}
{"message":"Mail has been sent to james.c.lynch@lmco.com!","level":"info"}
